2025-01-25 17:55:50,403 - INFO - Successfully fetched 1526724 records from database
2025-01-25 17:56:27,423 - INFO - Successfully trained Positive Sentiment model
2025-01-25 17:56:27,654 - INFO - 
Positive Model - Classification Report:
              precision    recall  f1-score   support

         0.0       0.73      0.70      0.72    192677
         1.0       0.71      0.74      0.72    189004

    accuracy                           0.72    381681
   macro avg       0.72      0.72      0.72    381681
weighted avg       0.72      0.72      0.72    381681

2025-01-25 17:56:27,654 - INFO - 
Positive Model - Confusion Matrix:
[[134560  58117]
 [ 48530 140474]]
2025-01-25 17:56:29,178 - INFO - Successfully trained Negative Sentiment model
2025-01-25 17:56:29,406 - INFO - 
Negative Model - Classification Report:
              precision    recall  f1-score   support

         0.0       0.71      0.74      0.72    189004
         1.0       0.73      0.70      0.72    192677

    accuracy                           0.72    381681
   macro avg       0.72      0.72      0.72    381681
weighted avg       0.72      0.72      0.72    381681

2025-01-25 17:56:29,406 - INFO - 
Negative Model - Confusion Matrix:
[[140474  48530]
 [ 58117 134560]]
2025-01-25 17:56:29,409 - INFO - Models saved in 'models' directory
