2025-01-25 18:04:20,813 - INFO - Successfully fetched 1526724 records from database
2025-01-25 18:04:56,666 - INFO - Successfully trained Positive Sentiment model
2025-01-25 18:04:56,898 - INFO - 
Positive Model - Classification Report:
              precision    recall  f1-score   support

         0.0       0.74      0.70      0.72    192677
         1.0       0.71      0.75      0.73    189004

    accuracy                           0.73    381681
   macro avg       0.73      0.73      0.73    381681
weighted avg       0.73      0.73      0.73    381681

2025-01-25 18:04:56,898 - INFO - 
Positive Model - Confusion Matrix:
[[135008  57669]
 [ 46371 142633]]
2025-01-25 18:04:59,634 - INFO - Successfully trained Negative Sentiment model
2025-01-25 18:04:59,873 - INFO - 
Negative Model - Classification Report:
              precision    recall  f1-score   support

         0.0       0.71      0.75      0.73    189004
         1.0       0.74      0.70      0.72    192677

    accuracy                           0.73    381681
   macro avg       0.73      0.73      0.73    381681
weighted avg       0.73      0.73      0.73    381681

2025-01-25 18:04:59,873 - INFO - 
Negative Model - Confusion Matrix:
[[142633  46371]
 [ 57669 135008]]
2025-01-25 18:04:59,876 - INFO - Models saved in 'models' directory
